frontend/build/app/intermediates/manifest_merge_blame_file/debug/manifest-merger-blame-debug-report.txt
1<?xml version="1.0" encoding="utf-8"?>
2<manifest xmlns:android="http://schemas.android.com/apk/res/android"
3    package="com.example.women_safety"
4    android:versionCode="1"
5    android:versionName="1.0.0" >
6
7    <uses-sdk
8        android:minSdkVersion="21"
9        android:targetSdkVersion="34" />
10    <!--
11         The INTERNET permission is required for development. Specifically,
12         the Flutter tool needs it to communicate with the running application
13         to allow setting breakpoints, to provide hot reload, etc.
14    -->
15    <uses-permission android:name="android.permission.INTERNET" />
15-->src\main\AndroidManifest.xml:62:5-67
15-->src\main\AndroidManifest.xml:62:22-64
16    <uses-permission android:name="android.permission.FOREGROUND_SERVICE" />
16-->src\main\AndroidManifest.xml:54:5-76
16-->src\main\AndroidManifest.xml:54:22-74
17    <uses-permission android:name="android.permission.ACCESS_BACKGROUND_LOCATION" />
17-->src\main\AndroidManifest.xml:55:5-84
17-->src\main\AndroidManifest.xml:55:22-82
18    <uses-permission android:name="android.permission.ACCESS_BACKGROUND_LOCATION" />
18-->src\main\AndroidManifest.xml:55:5-84
18-->src\main\AndroidManifest.xml:55:22-82
19    <uses-permission android:name="android.permission.READ_CONTACTS" />
19-->src\main\AndroidManifest.xml:59:5-72
19-->src\main\AndroidManifest.xml:59:22-69
20    <uses-permission android:name="android.permission.ACCESS_FINE_LOCATION" />
20-->src\main\AndroidManifest.xml:60:5-79
20-->src\main\AndroidManifest.xml:60:22-76
21    <uses-permission android:name="android.permission.ACCESS_COARSE_LOCATION" />
21-->src\main\AndroidManifest.xml:61:5-81
21-->src\main\AndroidManifest.xml:61:22-78
22    <!--
23 Required to query activities that can process text, see:
24         https://developer.android.com/training/package-visibility and
25         https://developer.android.com/reference/android/content/Intent#ACTION_PROCESS_TEXT.
26
27         In particular, this is used by the Flutter engine in io.flutter.plugin.text.ProcessTextPlugin.
28    -->
29    <queries>
29-->src\main\AndroidManifest.xml:70:5-75:15
30        <intent>
30-->src\main\AndroidManifest.xml:71:9-74:18
31            <action android:name="android.intent.action.PROCESS_TEXT" />
31-->src\main\AndroidManifest.xml:72:13-72
31-->src\main\AndroidManifest.xml:72:21-70
32
33            <data android:mimeType="text/plain" />
33-->src\main\AndroidManifest.xml:73:13-50
33-->src\main\AndroidManifest.xml:73:19-48
34        </intent>
35        <intent>
35-->[:contacts_service] AndroidManifest.xml:10:9-12:18
36            <action android:name="android.accounts.AccountAuthenticator" />
36-->[:contacts_service] AndroidManifest.xml:11:13-76
36-->[:contacts_service] AndroidManifest.xml:11:21-73
37        </intent> <!-- Allows the app to load an icon corresponding to the custom MIME type. -->
38        <intent>
38-->[:contacts_service] AndroidManifest.xml:14:9-21:18
39            <action android:name="android.intent.action.VIEW" />
39-->[:contacts_service] AndroidManifest.xml:15:13-65
39-->[:contacts_service] AndroidManifest.xml:15:21-62
40
41            <data
41-->src\main\AndroidManifest.xml:73:13-50
42                android:host="com.android.contacts"
43                android:mimeType="vnd.android.cursor.item/*"
43-->src\main\AndroidManifest.xml:73:19-48
44                android:scheme="content" />
45        </intent>
46    </queries>
47
48    <uses-permission android:name="android.permission.RECEIVE_BOOT_COMPLETED" />
48-->[:flutter_background_service_android] AndroidManifest.xml:10:5-81
48-->[:flutter_background_service_android] AndroidManifest.xml:10:22-78
49    <uses-permission android:name="android.permission.WAKE_LOCK" />
49-->[:flutter_background_service_android] AndroidManifest.xml:11:5-68
49-->[:flutter_background_service_android] AndroidManifest.xml:11:22-65
50    <uses-permission android:name="android.permission.ACCESS_NETWORK_STATE" />
50-->[androidx.work:work-runtime:2.8.1] AndroidManifest.xml:24:5-79
50-->[androidx.work:work-runtime:2.8.1] AndroidManifest.xml:24:22-76
51
52    <permission
52-->[androidx.core:core:1.13.1] AndroidManifest.xml:22:5-24:47
53        android:name="com.example.women_safety.DYNAMIC_RECEIVER_NOT_EXPORTED_PERMISSION"
53-->[androidx.core:core:1.13.1] AndroidManifest.xml:23:9-81
54        android:protectionLevel="signature" />
54-->[androidx.core:core:1.13.1] AndroidManifest.xml:24:9-44
55
56    <uses-permission android:name="com.example.women_safety.DYNAMIC_RECEIVER_NOT_EXPORTED_PERMISSION" />
56-->[androidx.core:core:1.13.1] AndroidManifest.xml:26:5-97
56-->[androidx.core:core:1.13.1] AndroidManifest.xml:26:22-94
57
58    <application
59        android:name="android.app.Application"
60        android:appComponentFactory="androidx.core.app.CoreComponentFactory"
60-->[androidx.core:core:1.13.1] AndroidManifest.xml:28:18-86
61        android:debuggable="true"
62        android:icon="@mipmap/ic_launcher"
63        android:label="women_safety" >
64        <activity
65            android:name="com.example.women_safety.MainActivity"
66            android:configChanges="orientation|keyboardHidden|keyboard|screenSize|smallestScreenSize|locale|layoutDirection|fontScale|screenLayout|density|uiMode"
67            android:exported="true"
68            android:hardwareAccelerated="true"
69            android:launchMode="singleTop"
70            android:taskAffinity=""
71            android:theme="@style/LaunchTheme"
72            android:windowSoftInputMode="adjustResize" >
73
74            <!--
75                 Specifies an Android theme to apply to this Activity as soon as
76                 the Android process has started. This theme is visible to the user
77                 while the Flutter UI initializes. After that, this theme continues
78                 to determine the Window background behind the Flutter UI.
79            -->
80            <meta-data
81                android:name="io.flutter.embedding.android.NormalTheme"
82                android:resource="@style/NormalTheme" />
83
84            <intent-filter>
85                <action android:name="android.intent.action.MAIN" />
86
87                <category android:name="android.intent.category.LAUNCHER" />
88            </intent-filter>
89        </activity>
90
91        <service
92            android:name="id.flutter.flutter_background_service.BackgroundService"
93            android:enabled="true"
93-->[:flutter_background_service_android] AndroidManifest.xml:16:13-35
94            android:exported="true"
94-->[:flutter_background_service_android] AndroidManifest.xml:17:13-36
95            android:foregroundServiceType="location|microphone"
96            android:permission="android.permission.BIND_JOB_SERVICE"
97            android:stopWithTask="false" >
97-->[:flutter_background_service_android] AndroidManifest.xml:18:13-41
98            <intent-filter>
99                <action android:name="android.intent.action.MAIN" />
100            </intent-filter>
101        </service>
102        <service
103            android:name="com.example.women_safety.LocationService"
104            android:enabled="true"
105            android:exported="true" />
106        <service
107            android:name="me.piruin.geolocation.ForegroundService"
108            android:exported="true"
109            android:foregroundServiceType="location"
110            android:permission="android.permission.BIND_JOB_SERVICE" />
111        <!--
112             Don't delete the meta-data below.
113             This is used by the Flutter tool to generate GeneratedPluginRegistrant.java
114        -->
115        <meta-data
116            android:name="flutterEmbedding"
117            android:value="2" />
118
119        <receiver
119-->[:flutter_background_service_android] AndroidManifest.xml:20:9-23:39
120            android:name="id.flutter.flutter_background_service.WatchdogReceiver"
120-->[:flutter_background_service_android] AndroidManifest.xml:21:13-82
121            android:enabled="true"
121-->[:flutter_background_service_android] AndroidManifest.xml:22:13-35
122            android:exported="true" />
122-->[:flutter_background_service_android] AndroidManifest.xml:23:13-36
123        <receiver
123-->[:flutter_background_service_android] AndroidManifest.xml:24:9-33:20
124            android:name="id.flutter.flutter_background_service.BootReceiver"
124-->[:flutter_background_service_android] AndroidManifest.xml:25:13-78
125            android:enabled="true"
125-->[:flutter_background_service_android] AndroidManifest.xml:26:13-35
126            android:exported="true" >
126-->[:flutter_background_service_android] AndroidManifest.xml:27:13-36
127            <intent-filter>
127-->[:flutter_background_service_android] AndroidManifest.xml:28:13-32:29
128                <action android:name="android.intent.action.BOOT_COMPLETED" />
128-->[:flutter_background_service_android] AndroidManifest.xml:29:17-79
128-->[:flutter_background_service_android] AndroidManifest.xml:29:25-76
129                <action android:name="android.intent.action.QUICKBOOT_POWERON" />
129-->[:flutter_background_service_android] AndroidManifest.xml:30:17-82
129-->[:flutter_background_service_android] AndroidManifest.xml:30:25-79
130                <action android:name="android.intent.action.MY_PACKAGE_REPLACED" />
130-->[:flutter_background_service_android] AndroidManifest.xml:31:17-84
130-->[:flutter_background_service_android] AndroidManifest.xml:31:25-81
131            </intent-filter>
132        </receiver>
133        <receiver
133-->[:flutter_foreground_task] AndroidManifest.xml:10:9-17:20
134            android:name="com.pravera.flutter_foreground_task.service.BootReceiver"
134-->[:flutter_foreground_task] AndroidManifest.xml:11:13-84
135            android:enabled="true"
135-->[:flutter_foreground_task] AndroidManifest.xml:12:13-35
136            android:exported="true" >
136-->[:flutter_foreground_task] AndroidManifest.xml:13:13-36
137            <intent-filter>
137-->[:flutter_foreground_task] AndroidManifest.xml:14:13-16:29
138                <action android:name="android.intent.action.BOOT_COMPLETED" />
138-->[:flutter_background_service_android] AndroidManifest.xml:29:17-79
138-->[:flutter_background_service_android] AndroidManifest.xml:29:25-76
139            </intent-filter>
140        </receiver>
141        <receiver
141-->[:flutter_foreground_task] AndroidManifest.xml:18:9-21:40
142            android:name="com.pravera.flutter_foreground_task.service.RestartReceiver"
142-->[:flutter_foreground_task] AndroidManifest.xml:19:13-87
143            android:enabled="true"
143-->[:flutter_foreground_task] AndroidManifest.xml:20:13-35
144            android:exported="false" />
144-->[:flutter_foreground_task] AndroidManifest.xml:21:13-37
145
146        <service
146-->[:geolocator_android] AndroidManifest.xml:10:9-14:56
147            android:name="com.baseflow.geolocator.GeolocatorLocationService"
147-->[:geolocator_android] AndroidManifest.xml:11:13-77
148            android:enabled="true"
148-->[:geolocator_android] AndroidManifest.xml:12:13-35
149            android:exported="false"
149-->[:geolocator_android] AndroidManifest.xml:13:13-37
150            android:foregroundServiceType="location" />
150-->[:geolocator_android] AndroidManifest.xml:14:13-53
151        <service
151-->[:location] AndroidManifest.xml:13:9-17:56
152            android:name="com.lyokone.location.FlutterLocationService"
152-->[:location] AndroidManifest.xml:14:13-71
153            android:enabled="true"
153-->[:location] AndroidManifest.xml:15:13-35
154            android:exported="false"
154-->[:location] AndroidManifest.xml:16:13-37
155            android:foregroundServiceType="location" />
155-->[:location] AndroidManifest.xml:17:13-53
156
157        <provider
157-->[androidx.work:work-runtime:2.8.1] AndroidManifest.xml:29:9-37:20
158            android:name="androidx.startup.InitializationProvider"
158-->[androidx.work:work-runtime:2.8.1] AndroidManifest.xml:30:13-67
159            android:authorities="com.example.women_safety.androidx-startup"
159-->[androidx.work:work-runtime:2.8.1] AndroidManifest.xml:31:13-68
160            android:exported="false" >
160-->[androidx.work:work-runtime:2.8.1] AndroidManifest.xml:32:13-37
161            <meta-data
161-->[androidx.work:work-runtime:2.8.1] AndroidManifest.xml:34:13-36:52
162                android:name="androidx.work.WorkManagerInitializer"
162-->[androidx.work:work-runtime:2.8.1] AndroidManifest.xml:35:17-68
163                android:value="androidx.startup" />
163-->[androidx.work:work-runtime:2.8.1] AndroidManifest.xml:36:17-49
164            <meta-data
164-->[androidx.lifecycle:lifecycle-process:2.7.0] AndroidManifest.xml:29:13-31:52
165                android:name="androidx.lifecycle.ProcessLifecycleInitializer"
165-->[androidx.lifecycle:lifecycle-process:2.7.0] AndroidManifest.xml:30:17-78
166                android:value="androidx.startup" />
166-->[androidx.lifecycle:lifecycle-process:2.7.0] AndroidManifest.xml:31:17-49
167            <meta-data
167-->[androidx.profileinstaller:profileinstaller:1.3.1] AndroidManifest.xml:29:13-31:52
168                android:name="androidx.profileinstaller.ProfileInstallerInitializer"
168-->[androidx.profileinstaller:profileinstaller:1.3.1] AndroidManifest.xml:30:17-85
169                android:value="androidx.startup" />
169-->[androidx.profileinstaller:profileinstaller:1.3.1] AndroidManifest.xml:31:17-49
170        </provider>
171
172        <service
172-->[androidx.work:work-runtime:2.8.1] AndroidManifest.xml:39:9-45:35
173            android:name="androidx.work.impl.background.systemalarm.SystemAlarmService"
173-->[androidx.work:work-runtime:2.8.1] AndroidManifest.xml:40:13-88
174            android:directBootAware="false"
174-->[androidx.work:work-runtime:2.8.1] AndroidManifest.xml:41:13-44
175            android:enabled="@bool/enable_system_alarm_service_default"
175-->[androidx.work:work-runtime:2.8.1] AndroidManifest.xml:42:13-72
176            android:exported="false" />
176-->[androidx.work:work-runtime:2.8.1] AndroidManifest.xml:43:13-37
177        <service
177-->[androidx.work:work-runtime:2.8.1] AndroidManifest.xml:46:9-52:35
178            android:name="androidx.work.impl.background.systemjob.SystemJobService"
178-->[androidx.work:work-runtime:2.8.1] AndroidManifest.xml:47:13-84
179            android:directBootAware="false"
179-->[androidx.work:work-runtime:2.8.1] AndroidManifest.xml:48:13-44
180            android:enabled="@bool/enable_system_job_service_default"
180-->[androidx.work:work-runtime:2.8.1] AndroidManifest.xml:49:13-70
181            android:exported="true"
181-->[androidx.work:work-runtime:2.8.1] AndroidManifest.xml:50:13-36
182            android:permission="android.permission.BIND_JOB_SERVICE" />
182-->[androidx.work:work-runtime:2.8.1] AndroidManifest.xml:51:13-69
183        <service
183-->[androidx.work:work-runtime:2.8.1] AndroidManifest.xml:53:9-59:35
184            android:name="androidx.work.impl.foreground.SystemForegroundService"
184-->[androidx.work:work-runtime:2.8.1] AndroidManifest.xml:54:13-81
185            android:directBootAware="false"
185-->[androidx.work:work-runtime:2.8.1] AndroidManifest.xml:55:13-44
186            android:enabled="@bool/enable_system_foreground_service_default"
186-->[androidx.work:work-runtime:2.8.1] AndroidManifest.xml:56:13-77
187            android:exported="false" />
187-->[androidx.work:work-runtime:2.8.1] AndroidManifest.xml:57:13-37
188
189        <receiver
189-->[androidx.work:work-runtime:2.8.1] AndroidManifest.xml:61:9-66:35
190            android:name="androidx.work.impl.utils.ForceStopRunnable$BroadcastReceiver"
190-->[androidx.work:work-runtime:2.8.1] AndroidManifest.xml:62:13-88
191            android:directBootAware="false"
191-->[androidx.work:work-runtime:2.8.1] AndroidManifest.xml:63:13-44
192            android:enabled="true"
192-->[androidx.work:work-runtime:2.8.1] AndroidManifest.xml:64:13-35
193            android:exported="false" />
193-->[androidx.work:work-runtime:2.8.1] AndroidManifest.xml:65:13-37
194        <receiver
194-->[androidx.work:work-runtime:2.8.1] AndroidManifest.xml:67:9-77:20
195            android:name="androidx.work.impl.background.systemalarm.ConstraintProxy$BatteryChargingProxy"
195-->[androidx.work:work-runtime:2.8.1] AndroidManifest.xml:68:13-106
196            android:directBootAware="false"
196-->[androidx.work:work-runtime:2.8.1] AndroidManifest.xml:69:13-44
197            android:enabled="false"
197-->[androidx.work:work-runtime:2.8.1] AndroidManifest.xml:70:13-36
198            android:exported="false" >
198-->[androidx.work:work-runtime:2.8.1] AndroidManifest.xml:71:13-37
199            <intent-filter>
199-->[androidx.work:work-runtime:2.8.1] AndroidManifest.xml:73:13-76:29
200                <action android:name="android.intent.action.ACTION_POWER_CONNECTED" />
200-->[androidx.work:work-runtime:2.8.1] AndroidManifest.xml:74:17-87
200-->[androidx.work:work-runtime:2.8.1] AndroidManifest.xml:74:25-84
201                <action android:name="android.intent.action.ACTION_POWER_DISCONNECTED" />
201-->[androidx.work:work-runtime:2.8.1] AndroidManifest.xml:75:17-90
201-->[androidx.work:work-runtime:2.8.1] AndroidManifest.xml:75:25-87
202            </intent-filter>
203        </receiver>
204        <receiver
204-->[androidx.work:work-runtime:2.8.1] AndroidManifest.xml:78:9-88:20
205            android:name="androidx.work.impl.background.systemalarm.ConstraintProxy$BatteryNotLowProxy"
205-->[androidx.work:work-runtime:2.8.1] AndroidManifest.xml:79:13-104
206            android:directBootAware="false"
206-->[androidx.work:work-runtime:2.8.1] AndroidManifest.xml:80:13-44
207            android:enabled="false"
207-->[androidx.work:work-runtime:2.8.1] AndroidManifest.xml:81:13-36
208            android:exported="false" >
208-->[androidx.work:work-runtime:2.8.1] AndroidManifest.xml:82:13-37
209            <intent-filter>
209-->[androidx.work:work-runtime:2.8.1] AndroidManifest.xml:84:13-87:29
210                <action android:name="android.intent.action.BATTERY_OKAY" />
210-->[androidx.work:work-runtime:2.8.1] AndroidManifest.xml:85:17-77
210-->[androidx.work:work-runtime:2.8.1] AndroidManifest.xml:85:25-74
211                <action android:name="android.intent.action.BATTERY_LOW" />
211-->[androidx.work:work-runtime:2.8.1] AndroidManifest.xml:86:17-76
211-->[androidx.work:work-runtime:2.8.1] AndroidManifest.xml:86:25-73
212            </intent-filter>
213        </receiver>
214        <receiver
214-->[androidx.work:work-runtime:2.8.1] AndroidManifest.xml:89:9-99:20
215            android:name="androidx.work.impl.background.systemalarm.ConstraintProxy$StorageNotLowProxy"
215-->[androidx.work:work-runtime:2.8.1] AndroidManifest.xml:90:13-104
216            android:directBootAware="false"
216-->[androidx.work:work-runtime:2.8.1] AndroidManifest.xml:91:13-44
217            android:enabled="false"
217-->[androidx.work:work-runtime:2.8.1] AndroidManifest.xml:92:13-36
218            android:exported="false" >
218-->[androidx.work:work-runtime:2.8.1] AndroidManifest.xml:93:13-37
219            <intent-filter>
219-->[androidx.work:work-runtime:2.8.1] AndroidManifest.xml:95:13-98:29
220                <action android:name="android.intent.action.DEVICE_STORAGE_LOW" />
220-->[androidx.work:work-runtime:2.8.1] AndroidManifest.xml:96:17-83
220-->[androidx.work:work-runtime:2.8.1] AndroidManifest.xml:96:25-80
221                <action android:name="android.intent.action.DEVICE_STORAGE_OK" />
221-->[androidx.work:work-runtime:2.8.1] AndroidManifest.xml:97:17-82
221-->[androidx.work:work-runtime:2.8.1] AndroidManifest.xml:97:25-79
222            </intent-filter>
223        </receiver>
224        <receiver
224-->[androidx.work:work-runtime:2.8.1] AndroidManifest.xml:100:9-109:20
225            android:name="androidx.work.impl.background.systemalarm.ConstraintProxy$NetworkStateProxy"
225-->[androidx.work:work-runtime:2.8.1] AndroidManifest.xml:101:13-103
226            android:directBootAware="false"
226-->[androidx.work:work-runtime:2.8.1] AndroidManifest.xml:102:13-44
227            android:enabled="false"
227-->[androidx.work:work-runtime:2.8.1] AndroidManifest.xml:103:13-36
228            android:exported="false" >
228-->[androidx.work:work-runtime:2.8.1] AndroidManifest.xml:104:13-37
229            <intent-filter>
229-->[androidx.work:work-runtime:2.8.1] AndroidManifest.xml:106:13-108:29
230                <action android:name="android.net.conn.CONNECTIVITY_CHANGE" />
230-->[androidx.work:work-runtime:2.8.1] AndroidManifest.xml:107:17-79
230-->[androidx.work:work-runtime:2.8.1] AndroidManifest.xml:107:25-76
231            </intent-filter>
232        </receiver>
233        <receiver
233-->[androidx.work:work-runtime:2.8.1] AndroidManifest.xml:110:9-121:20
234            android:name="androidx.work.impl.background.systemalarm.RescheduleReceiver"
234-->[androidx.work:work-runtime:2.8.1] AndroidManifest.xml:111:13-88
235            android:directBootAware="false"
235-->[androidx.work:work-runtime:2.8.1] AndroidManifest.xml:112:13-44
236            android:enabled="false"
236-->[androidx.work:work-runtime:2.8.1] AndroidManifest.xml:113:13-36
237            android:exported="false" >
237-->[androidx.work:work-runtime:2.8.1] AndroidManifest.xml:114:13-37
238            <intent-filter>
238-->[androidx.work:work-runtime:2.8.1] AndroidManifest.xml:116:13-120:29
239                <action android:name="android.intent.action.BOOT_COMPLETED" />
239-->[:flutter_background_service_android] AndroidManifest.xml:29:17-79
239-->[:flutter_background_service_android] AndroidManifest.xml:29:25-76
240                <action android:name="android.intent.action.TIME_SET" />
240-->[androidx.work:work-runtime:2.8.1] AndroidManifest.xml:118:17-73
240-->[androidx.work:work-runtime:2.8.1] AndroidManifest.xml:118:25-70
241                <action android:name="android.intent.action.TIMEZONE_CHANGED" />
241-->[androidx.work:work-runtime:2.8.1] AndroidManifest.xml:119:17-81
241-->[androidx.work:work-runtime:2.8.1] AndroidManifest.xml:119:25-78
242            </intent-filter>
243        </receiver>
244        <receiver
244-->[androidx.work:work-runtime:2.8.1] AndroidManifest.xml:122:9-131:20
245            android:name="androidx.work.impl.background.systemalarm.ConstraintProxyUpdateReceiver"
245-->[androidx.work:work-runtime:2.8.1] AndroidManifest.xml:123:13-99
246            android:directBootAware="false"
246-->[androidx.work:work-runtime:2.8.1] AndroidManifest.xml:124:13-44
247            android:enabled="@bool/enable_system_alarm_service_default"
247-->[androidx.work:work-runtime:2.8.1] AndroidManifest.xml:125:13-72
248            android:exported="false" >
248-->[androidx.work:work-runtime:2.8.1] AndroidManifest.xml:126:13-37
249            <intent-filter>
249-->[androidx.work:work-runtime:2.8.1] AndroidManifest.xml:128:13-130:29
250                <action android:name="androidx.work.impl.background.systemalarm.UpdateProxies" />
250-->[androidx.work:work-runtime:2.8.1] AndroidManifest.xml:129:17-98
250-->[androidx.work:work-runtime:2.8.1] AndroidManifest.xml:129:25-95
251            </intent-filter>
252        </receiver>
253        <receiver
253-->[androidx.work:work-runtime:2.8.1] AndroidManifest.xml:132:9-142:20
254            android:name="androidx.work.impl.diagnostics.DiagnosticsReceiver"
254-->[androidx.work:work-runtime:2.8.1] AndroidManifest.xml:133:13-78
255            android:directBootAware="false"
255-->[androidx.work:work-runtime:2.8.1] AndroidManifest.xml:134:13-44
256            android:enabled="true"
256-->[androidx.work:work-runtime:2.8.1] AndroidManifest.xml:135:13-35
257            android:exported="true"
257-->[androidx.work:work-runtime:2.8.1] AndroidManifest.xml:136:13-36
258            android:permission="android.permission.DUMP" >
258-->[androidx.work:work-runtime:2.8.1] AndroidManifest.xml:137:13-57
259            <intent-filter>
259-->[androidx.work:work-runtime:2.8.1] AndroidManifest.xml:139:13-141:29
260                <action android:name="androidx.work.diagnostics.REQUEST_DIAGNOSTICS" />
260-->[androidx.work:work-runtime:2.8.1] AndroidManifest.xml:140:17-88
260-->[androidx.work:work-runtime:2.8.1] AndroidManifest.xml:140:25-85
261            </intent-filter>
262        </receiver>
263
264        <uses-library
264-->[androidx.window:window:1.2.0] AndroidManifest.xml:23:9-25:40
265            android:name="androidx.window.extensions"
265-->[androidx.window:window:1.2.0] AndroidManifest.xml:24:13-54
266            android:required="false" />
266-->[androidx.window:window:1.2.0] AndroidManifest.xml:25:13-37
267        <uses-library
267-->[androidx.window:window:1.2.0] AndroidManifest.xml:26:9-28:40
268            android:name="androidx.window.sidecar"
268-->[androidx.window:window:1.2.0] AndroidManifest.xml:27:13-51
269            android:required="false" />
269-->[androidx.window:window:1.2.0] AndroidManifest.xml:28:13-37
270
271        <activity
271-->[com.google.android.gms:play-services-base:18.3.0] AndroidManifest.xml:20:9-22:45
272            android:name="com.google.android.gms.common.api.GoogleApiActivity"
272-->[com.google.android.gms:play-services-base:18.3.0] AndroidManifest.xml:20:19-85
273            android:exported="false"
273-->[com.google.android.gms:play-services-base:18.3.0] AndroidManifest.xml:22:19-43
274            android:theme="@android:style/Theme.Translucent.NoTitleBar" />
274-->[com.google.android.gms:play-services-base:18.3.0] AndroidManifest.xml:21:19-78
275
276        <meta-data
276-->[com.google.android.gms:play-services-basement:18.3.0] AndroidManifest.xml:21:9-23:69
277            android:name="com.google.android.gms.version"
277-->[com.google.android.gms:play-services-basement:18.3.0] AndroidManifest.xml:22:13-58
278            android:value="@integer/google_play_services_version" />
278-->[com.google.android.gms:play-services-basement:18.3.0] AndroidManifest.xml:23:13-66
279
280        <service
280-->[androidx.room:room-runtime:2.5.0] AndroidManifest.xml:24:9-28:63
281            android:name="androidx.room.MultiInstanceInvalidationService"
281-->[androidx.room:room-runtime:2.5.0] AndroidManifest.xml:25:13-74
282            android:directBootAware="true"
282-->[androidx.room:room-runtime:2.5.0] AndroidManifest.xml:26:13-43
283            android:exported="false" />
283-->[androidx.room:room-runtime:2.5.0] AndroidManifest.xml:27:13-37
284
285        <receiver
285-->[androidx.profileinstaller:profileinstaller:1.3.1] AndroidManifest.xml:34:9-52:20
286            android:name="androidx.profileinstaller.ProfileInstallReceiver"
286-->[androidx.profileinstaller:profileinstaller:1.3.1] AndroidManifest.xml:35:13-76
287            android:directBootAware="false"
287-->[androidx.profileinstaller:profileinstaller:1.3.1] AndroidManifest.xml:36:13-44
288            android:enabled="true"
288-->[androidx.profileinstaller:profileinstaller:1.3.1] AndroidManifest.xml:37:13-35
289            android:exported="true"
289-->[androidx.profileinstaller:profileinstaller:1.3.1] AndroidManifest.xml:38:13-36
290            android:permission="android.permission.DUMP" >
290-->[androidx.profileinstaller:profileinstaller:1.3.1] AndroidManifest.xml:39:13-57
291            <intent-filter>
291-->[androidx.profileinstaller:profileinstaller:1.3.1] AndroidManifest.xml:40:13-42:29
292                <action android:name="androidx.profileinstaller.action.INSTALL_PROFILE" />
292-->[androidx.profileinstaller:profileinstaller:1.3.1] AndroidManifest.xml:41:17-91
292-->[androidx.profileinstaller:profileinstaller:1.3.1] AndroidManifest.xml:41:25-88
293            </intent-filter>
294            <intent-filter>
294-->[androidx.profileinstaller:profileinstaller:1.3.1] AndroidManifest.xml:43:13-45:29
295                <action android:name="androidx.profileinstaller.action.SKIP_FILE" />
295-->[androidx.profileinstaller:profileinstaller:1.3.1] AndroidManifest.xml:44:17-85
295-->[androidx.profileinstaller:profileinstaller:1.3.1] AndroidManifest.xml:44:25-82
296            </intent-filter>
297            <intent-filter>
297-->[androidx.profileinstaller:profileinstaller:1.3.1] AndroidManifest.xml:46:13-48:29
298                <action android:name="androidx.profileinstaller.action.SAVE_PROFILE" />
298-->[androidx.profileinstaller:profileinstaller:1.3.1] AndroidManifest.xml:47:17-88
298-->[androidx.profileinstaller:profileinstaller:1.3.1] AndroidManifest.xml:47:25-85
299            </intent-filter>
300            <intent-filter>
300-->[androidx.profileinstaller:profileinstaller:1.3.1] AndroidManifest.xml:49:13-51:29
301                <action android:name="androidx.profileinstaller.action.BENCHMARK_OPERATION" />
301-->[androidx.profileinstaller:profileinstaller:1.3.1] AndroidManifest.xml:50:17-95
301-->[androidx.profileinstaller:profileinstaller:1.3.1] AndroidManifest.xml:50:25-92
302            </intent-filter>
303        </receiver>
304    </application>
305
306</manifest>